<?xml version="1.0" encoding="UTF-8"?>
<!-- Generated by org.testng.reporters.JUnitXMLReporter -->
<testsuite hostname="P59243" ignored="0" name="Surefire test" tests="3" failures="0" timestamp="2019-12-05T16:38:01 JST" time="59.394" errors="0">
  <testcase name="totalValidation" time="28.231" classname="Practice.EcommerceTest"/>
  <testcase name="apiDemo" time="16.021" classname="Practice.apiDemoTest"/>
  <testcase name="apiDemo" time="15.098" classname="Practice.apiDemoTest"/>
</testsuite> <!-- Surefire test -->
