<?xml version="1.0" encoding="UTF-8"?>
<!-- Generated by org.testng.reporters.JUnitXMLReporter -->
<testsuite hostname="P59243" ignored="0" name="Test" tests="3" failures="0" timestamp="2019-12-19T17:00:49 JST" time="133.037" errors="0">
  <testcase name="totalValidation" time="102.911" classname="Practice.EcommerceTest"/>
  <testcase name="apiDemo" time="15.791" classname="Practice.apiDemoTest"/>
  <testcase name="apiDemo" time="14.281" classname="Practice.apiDemoTest"/>
</testsuite> <!-- Test -->
