<?xml version="1.0" encoding="UTF-8"?>
<testng-results skipped="0" failed="0" ignored="0" total="3" passed="3">
  <reporter-output>
  </reporter-output>
  <suite name="Surefire suite" duration-ms="59394" started-at="2019-12-05T16:37:01 JST" finished-at="2019-12-05T16:38:01 JST">
    <groups>
    </groups>
    <test name="Surefire test" duration-ms="59394" started-at="2019-12-05T16:37:01 JST" finished-at="2019-12-05T16:38:01 JST">
      <class name="Practice.apiDemoTest">
        <test-method status="PASS" signature="apiDemo(java.lang.String)[pri:0, instance:Practice.apiDemoTest@7085bdee]" name="apiDemo" duration-ms="16021" started-at="2019-12-05T16:37:30 JST" data-provider="InputData" finished-at="2019-12-05T16:37:46 JST">
          <params>
            <param index="0">
              <value>
                <![CDATA[hello]]>
              </value>
            </param>
          </params>
          <reporter-output>
          </reporter-output>
        </test-method> <!-- apiDemo -->
        <test-method status="PASS" signature="apiDemo(java.lang.String)[pri:0, instance:Practice.apiDemoTest@7085bdee]" name="apiDemo" duration-ms="15098" started-at="2019-12-05T16:37:46 JST" data-provider="InputData" finished-at="2019-12-05T16:38:01 JST">
          <params>
            <param index="0">
              <value>
                <![CDATA[+=@#/]]>
              </value>
            </param>
          </params>
          <reporter-output>
          </reporter-output>
        </test-method> <!-- apiDemo -->
      </class> <!-- Practice.apiDemoTest -->
      <class name="Practice.EcommerceTest">
        <test-method status="PASS" signature="totalValidation()[pri:0, instance:Practice.EcommerceTest@1ce92674]" name="totalValidation" duration-ms="28231" started-at="2019-12-05T16:37:01 JST" finished-at="2019-12-05T16:37:30 JST">
          <reporter-output>
          </reporter-output>
        </test-method> <!-- totalValidation -->
      </class> <!-- Practice.EcommerceTest -->
    </test> <!-- Surefire test -->
  </suite> <!-- Surefire suite -->
</testng-results>
