<?xml version="1.0" encoding="UTF-8"?>
<testng-results skipped="0" failed="0" ignored="0" total="3" passed="3">
  <reporter-output>
  </reporter-output>
  <suite name="Suite" duration-ms="133037" started-at="2019-12-19T16:58:36 JST" finished-at="2019-12-19T17:00:49 JST">
    <groups>
    </groups>
    <test name="Test" duration-ms="133037" started-at="2019-12-19T16:58:36 JST" finished-at="2019-12-19T17:00:49 JST">
      <class name="Practice.apiDemoTest">
        <test-method status="PASS" signature="apiDemo(java.lang.String)[pri:0, instance:Practice.apiDemoTest@45820e51]" name="apiDemo" duration-ms="15791" started-at="2019-12-19T17:00:19 JST" data-provider="InputData" finished-at="2019-12-19T17:00:35 JST">
          <params>
            <param index="0">
              <value>
                <![CDATA[hello]]>
              </value>
            </param>
          </params>
          <reporter-output>
          </reporter-output>
        </test-method> <!-- apiDemo -->
        <test-method status="PASS" signature="apiDemo(java.lang.String)[pri:0, instance:Practice.apiDemoTest@45820e51]" name="apiDemo" duration-ms="14281" started-at="2019-12-19T17:00:35 JST" data-provider="InputData" finished-at="2019-12-19T17:00:49 JST">
          <params>
            <param index="0">
              <value>
                <![CDATA[+=@#/]]>
              </value>
            </param>
          </params>
          <reporter-output>
          </reporter-output>
        </test-method> <!-- apiDemo -->
      </class> <!-- Practice.apiDemoTest -->
      <class name="Practice.EcommerceTest">
        <test-method status="PASS" signature="totalValidation()[pri:0, instance:Practice.EcommerceTest@7113b13f]" name="totalValidation" duration-ms="102911" started-at="2019-12-19T16:58:36 JST" finished-at="2019-12-19T17:00:19 JST">
          <reporter-output>
          </reporter-output>
        </test-method> <!-- totalValidation -->
      </class> <!-- Practice.EcommerceTest -->
    </test> <!-- Test -->
  </suite> <!-- Suite -->
</testng-results>
